2016-07-18 20:20:57,information for maps recorded,69668132
2016-07-18 20:22:44,istruzioni,69668132
2016-07-18 20:22:47,new chat started,69668132
2016-07-18 20:23:22,new chat started,69668132
2016-07-18 20:28:50,istruzioni,69668132
2016-07-18 20:30:00,new chat started,69668132
2016-07-18 20:32:20,istruzioni,69668132
2016-07-18 20:32:24,istruzioni,69668132
2016-07-18 20:32:51,new chat started,69668132
2016-07-18 20:52:03,new chat started,137772883
2016-07-18 20:52:14,new chat started,137772883
2016-07-18 20:52:22,new chat started,214961854
2016-07-18 20:52:33,istruzioni,214961854
2016-07-18 20:54:13,new chat started,137235732
2016-07-18 20:55:45,istruzioni,137235732
2016-07-18 21:05:09,new chat started,163305212
2016-07-18 21:17:15,new chat started,163273946
2016-07-18 21:34:08,new chat started,115578024
2016-07-18 21:34:31,istruzioni,115578024
2016-07-18 21:34:53,new chat started,115578024
2016-07-18 21:37:52,new chat started,213775944
2016-07-18 21:46:58,new chat started,124815958
2016-07-18 22:14:12,new chat started,6444858
2016-07-18 22:14:14,istruzioni,69668132
2016-07-18 22:19:16,istruzioni,6444858
2016-07-18 22:19:31,new chat started,6444858
2016-07-18 22:32:27,new chat started,87172796
2016-07-18 22:32:35,new chat started,87172796
2016-07-18 22:34:53,istruzioni,87172796
2016-07-18 22:36:03,new chat started,142917347
2016-07-18 22:36:53,wrong command sent,142917347
2016-07-18 22:38:22,wrong command sent,142917347
2016-07-18 22:38:34,new chat started,76691292
2016-07-18 22:38:51,istruzioni,76691292
2016-07-18 22:40:18,information for maps recorded,76691292
2016-07-18 22:40:45,information for maps recorded,142917347
2016-07-18 22:43:59,wrong command sent,142917347
2016-07-18 22:44:05,istruzioni,142917347
2016-07-18 23:18:28,new chat started,18820190
2016-07-18 23:45:49,new chat started,14848753
2016-07-18 23:47:04,istruzioni,14848753
2016-07-18 23:57:07,new chat started,127692590
2016-07-18 23:57:59,istruzioni,127692590
2016-07-19 00:19:24,new chat started,88632077
2016-07-19 01:06:31,new chat started,217894315
2016-07-19 04:22:38,new chat started,140940498
2016-07-19 04:23:28,wrong command sent,140940498
2016-07-19 06:53:00,new chat started,51965364
2016-07-19 07:01:26,wrong command sent,14131999
2016-07-19 07:01:57,new chat started,62234419
2016-07-19 07:03:16,istruzioni,62234419
2016-07-19 07:03:49,new chat started,62234419
2016-07-19 07:23:31,new chat started,122861619
2016-07-19 08:34:16,new chat started,129312322
2016-07-19 08:34:47,wrong command sent,62234419
2016-07-19 08:35:31,information for maps recorded,62234419
2016-07-19 08:36:33,information for maps recorded,62234419
2016-07-19 09:14:40,new chat started,13544464
2016-07-19 09:17:15,new chat started,133002884
2016-07-19 09:17:26,istruzioni,133002884
2016-07-19 09:23:03,new chat started,156917432
2016-07-19 09:34:30,new chat started,56403609
2016-07-19 09:36:09,new chat started,76208226
2016-07-19 09:36:15,wrong command sent,76208226
2016-07-19 09:37:09,information for maps recorded,76208226
2016-07-19 09:40:37,new chat started,28673116
2016-07-19 09:40:50,istruzioni,28673116
2016-07-19 09:40:57,new chat started,43291881
2016-07-19 09:52:40,new chat started,130103693
2016-07-19 09:53:02,new chat started,130103693
2016-07-19 09:53:05,istruzioni,130103693
2016-07-19 09:58:03,new chat started,139745781
2016-07-19 09:58:07,istruzioni,139745781
2016-07-19 10:03:27,istruzioni,139745781
2016-07-19 10:05:15,new chat started,187432103
2016-07-19 10:05:29,istruzioni,187432103
2016-07-19 10:14:39,new chat started,118445938
2016-07-19 11:55:29,new chat started,179470029
2016-07-19 11:55:56,istruzioni,179470029
2016-07-19 11:56:16,new chat started,179470029
2016-07-19 13:57:52,new chat started,143266867
2016-07-19 16:55:22,new chat started,74674183
2016-07-19 17:16:06,new chat started,93734187
2016-07-19 17:16:13,istruzioni,93734187
2016-07-19 17:56:34,new chat started,128788607
2016-07-19 17:57:04,new chat started,131164472
2016-07-19 17:59:14,istruzioni,131164472
2016-07-19 17:59:51,new chat started,131164472
2016-07-19 18:00:27,istruzioni,131164472
2016-07-19 18:35:33,new chat started,30090844
2016-07-19 18:35:58,istruzioni,30090844
2016-07-19 18:36:20,new chat started,30090844
2016-07-19 18:52:34,new chat started,40505720
2016-07-19 20:28:20,new chat started,30090844
2016-07-19 20:28:50,new chat started,30090844
2016-07-19 22:24:55,new chat started,12397126
2016-07-19 22:24:58,istruzioni,12397126
2016-07-20 00:37:52,information for maps recorded,62234419
2016-07-20 00:49:48,new chat started,124788206
2016-07-20 00:50:12,istruzioni,124788206
2016-07-20 07:41:20,new chat started,76066944
2016-07-20 07:55:30,new chat started,78210057
2016-07-20 07:55:35,istruzioni,78210057
2016-07-20 08:29:06,new chat started,103237237
2016-07-20 08:29:13,istruzioni,103237237
2016-07-20 09:09:11,new chat started,163181068
2016-07-20 17:44:23,new chat started,127027768
2016-07-20 19:57:40,new chat started,20582965
2016-07-20 19:57:48,istruzioni,20582965
2016-07-20 19:58:19,new chat started,20582965
2016-07-20 22:24:24,new chat started,136836467
2016-07-20 22:33:27,new chat started,154660325
2016-07-20 22:34:41,istruzioni,154660325
2016-07-20 22:35:05,new chat started,154660325
2016-07-20 22:40:09,new chat started,3964492
2016-07-20 22:41:21,istruzioni,3964492
2016-07-20 22:41:45,new chat started,3964492
2016-07-20 23:14:13,new chat started,111995795
2016-07-20 23:16:11,information for maps recorded,111995795
2016-07-21 08:25:43,new chat started,169473053
2016-07-21 08:25:51,new chat started,169473053
2016-07-21 22:11:21,new chat started,32841246
2016-07-21 22:19:38,istruzioni,32841246
2016-07-21 23:33:18,wrong command sent,3964492
2016-07-22 09:57:46,new chat started,180708027
2016-07-22 14:53:18,new chat started,180708027
2016-07-22 14:54:38,istruzioni,180708027
2016-07-22 22:11:13,new chat started,68025466
2016-07-22 22:11:23,istruzioni,68025466
2016-07-22 22:11:44,new chat started,68025466
2016-07-23 11:57:37,new chat started,85252572
2016-07-25 05:39:04,new chat started,29156256
2016-07-27 18:20:35,new chat started,69668132
2016-07-28 11:21:05,new chat started,238171450
2016-07-28 11:22:39,new chat started,238171450
2016-08-02 09:55:27,new chat started,194460574
2016-08-03 19:14:37,new chat started,163273946
2016-08-04 08:46:15,new chat started,133411459
2016-08-04 08:48:39,istruzioni,133411459
2016-08-04 08:49:01,new chat started,133411459
2016-08-05 09:23:55,new chat started,69668132
2016-08-05 09:24:18,information for maps recorded,69668132
2016-08-05 09:24:33,segnalazione cancellata,69668132
2016-08-05 13:09:41,new chat started,179698007
2016-08-06 13:13:15,new chat started,252574536
2016-08-06 13:13:39,istruzioni,252574536
2016-08-06 13:18:23,new chat started,252574536
2016-08-06 13:18:28,new chat started,252574536
2016-08-06 16:13:19,wrong command sent,252574536
2016-08-06 16:54:13,new chat started,252574536
2016-08-06 17:06:25,information for maps recorded,69668132
2016-08-06 17:07:35,segnalazione cancellata,69668132
2016-08-06 17:07:39,segnalazione cancellata,69668132
2016-08-06 17:17:36,wrong command sent,69668132
2016-08-06 17:17:57,information for maps recorded,69668132
2016-08-06 17:18:39,segnalazione cancellata,69668132
2016-08-06 17:18:43,segnalazione cancellata,69668132
2016-08-07 01:33:51,new chat started,252574536
2016-08-07 01:37:50,new chat started,252574536
2016-08-07 01:48:43,istruzioni,252574536
2016-08-07 10:13:42,information for maps recorded,252574536
2016-08-07 10:22:22,information for maps recorded,69668132
2016-08-07 10:23:02,segnalazione cancellata,69668132
2016-08-07 10:25:22,information for maps recorded,69668132
2016-08-07 10:25:23,istruzioni,252574536
2016-08-07 10:25:36,new chat started,252574536
2016-08-07 10:25:44,segnalazione cancellata,69668132
2016-08-07 10:26:31,istruzioni,69668132
2016-08-07 10:26:38,new chat started,69668132
2016-08-07 10:45:57,segnalazione cancellata,252574536
2016-08-07 10:50:02,segnalazione cancellata,252574536
2016-08-07 10:50:46,segnalazione cancellata,252574536
2016-08-07 10:51:35,segnalazione cancellata,252574536
2016-08-07 10:52:42,segnalazione cancellata,252574536
2016-08-07 11:45:29,new chat started,149424976
2016-08-07 13:35:41,new chat started,252574536
2016-08-10 11:52:53,new chat started,150892033
2016-08-11 14:53:28,new chat started,87997424
2016-08-11 14:53:32,istruzioni,87997424
2016-08-11 22:15:17,istruzioni,115578024
2016-08-12 13:05:28,wrong command sent,130870321
2016-08-12 13:06:06,information for maps recorded,130870321
2016-08-12 13:28:38,segnalazione cancellata,130870321
2016-08-12 13:29:19,wrong command sent,130870321
2016-08-13 10:28:54,new chat started,130870321
2016-08-13 17:20:35,new chat started,132099098
2016-08-13 17:23:41,istruzioni,132099098
2016-08-13 17:24:09,new chat started,132099098
2016-08-13 17:26:13,istruzioni,132099098
2016-08-16 07:47:57,new chat started,115578024
2016-08-17 09:24:48,istruzioni,115578024
2016-08-19 08:52:35,new chat started,252574536
2016-08-19 08:53:37,istruzioni,252574536
2016-08-19 08:56:12,information for maps recorded,252574536
2016-08-19 09:12:04,segnalazione cancellata,252574536
2016-08-19 10:35:20,new chat started,27993036
2016-08-20 10:18:30,new chat started,180708027
2016-08-23 07:17:37,new chat started,47840179
2016-08-24 22:17:12,new chat started,149306873
2016-08-27 20:34:38,istruzioni,69668132
2016-08-27 21:56:37,new chat started,199198277
